[2018-05-25 10:18:38.268] [ERROR] log_file - 获取countProjectEventsService的数据err："后台返回异常"
[2018-05-25 10:19:13.263] [ERROR] log_file - 获取countProjectEventsService的数据err："后台返回异常"
[2018-05-25 10:26:13.795] [ERROR] log_file - 获取countProjectEventsService的数据err："后台返回异常"
[2018-05-25 10:28:50.321] [ERROR] log_file - 获取countProjectEventsService的数据err："后台返回异常"
[2018-05-25 10:29:49.244] [ERROR] log_file - 获取countProjectEventsService的数据err："后台返回异常"
[2018-05-25 10:30:16.324] [ERROR] log_file - 获取countProjectEventsService的数据err："后台返回异常"
[2018-05-25 10:30:26.892] [ERROR] log_file - 获取countProjectEventsService的数据err："后台返回异常"
[2018-05-25 10:32:03.186] [ERROR] log_file - 获取countProjectEventsService的数据err："后台返回异常"
[2018-05-25 10:37:20.700] [ERROR] log_file - 获取countProjectEventsService的数据err：Error: connect ECONNREFUSED 192.168.100.210:8080
    at Object._errnoException (util.js:1024:11)
    at _exceptionWithHostPort (util.js:1046:20)
    at TCPConnectWrap.afterConnect [as oncomplete] (net.js:1182:14)
[2018-05-25 10:37:24.737] [ERROR] log_file - 获取restGeneralDictService/queryGeneralDictByKey的数据err：Error: connect ECONNREFUSED 192.168.100.210:8080
    at Object._errnoException (util.js:1024:11)
    at _exceptionWithHostPort (util.js:1046:20)
    at TCPConnectWrap.afterConnect [as oncomplete] (net.js:1182:14)
[2018-05-25 10:37:24.791] [ERROR] log_file - 获取restGeneralDictService/queryGeneralDictByKey的数据err：Error: connect ECONNREFUSED 192.168.100.210:8080
    at Object._errnoException (util.js:1024:11)
    at _exceptionWithHostPort (util.js:1046:20)
    at TCPConnectWrap.afterConnect [as oncomplete] (net.js:1182:14)
[2018-05-25 10:39:07.175] [ERROR] log_file - 获取countProjectEventsService的数据err："后台返回异常"
[2018-05-25 10:52:44.138] [ERROR] log_file - 获取countProjectEventsService的数据err："后台返回异常"
[2018-05-25 10:54:04.870] [ERROR] log_file - 获取countProjectEventsService的数据err："后台返回异常"
[2018-05-25 11:13:28.050] [ERROR] log_file - 获取countProjectEventsService的数据err："后台返回异常"
[2018-05-25 11:13:30.254] [ERROR] log_file - 获取countProjectEventsService的数据err："后台返回异常"
[2018-05-25 11:15:54.737] [ERROR] log_file - 获取countProjectEventsService的数据err："后台返回异常"
[2018-05-25 11:25:33.001] [ERROR] log_file - 获取countProjectEventsService的数据err："后台返回异常"
[2018-05-25 11:27:51.052] [ERROR] log_file - 获取countProjectEventsService的数据err："后台返回异常"
[2018-05-25 11:28:38.970] [ERROR] log_file - 获取countProjectEventsService的数据err："后台返回异常"
[2018-05-25 11:29:33.128] [ERROR] log_file - 获取countProjectEventsService的数据err："后台返回异常"
[2018-05-25 11:43:29.365] [ERROR] log_file - 获取restSopService/verifyObjectAndSop的数据err："缺少必填项"
[2018-05-25 11:47:59.871] [ERROR] log_file - 获取countProjectEventsService的数据err："后台返回异常"
[2018-05-25 11:48:55.073] [ERROR] log_file - 获取countProjectEventsService的数据err："后台返回异常"
[2018-05-25 11:49:54.404] [ERROR] log_file - 获取countProjectEventsService的数据err："后台返回异常"
[2018-05-25 11:50:58.624] [ERROR] log_file - 获取countProjectEventsService的数据err："后台返回异常"
[2018-05-25 11:51:32.043] [ERROR] log_file - 获取countProjectEventsService的数据err："后台返回异常"
[2018-05-25 11:51:56.352] [ERROR] log_file - 获取countProjectEventsService的数据err："后台返回异常"
[2018-05-25 11:53:52.895] [ERROR] log_file - 获取countProjectEventsService的数据err："后台返回异常"
[2018-05-25 11:56:01.128] [ERROR] log_file - 获取countProjectEventsService的数据err："后台返回异常"
[2018-05-25 11:56:19.534] [ERROR] log_file - 获取countProjectEventsService的数据err："后台返回异常"
[2018-05-25 12:04:10.514] [ERROR] log_file - 获取countProjectEventsService的数据err："后台返回异常"
[2018-05-25 12:05:48.720] [ERROR] log_file - 获取countProjectEventsService的数据err："后台返回异常"
[2018-05-25 12:08:35.364] [ERROR] log_file - 获取countProjectEventsService的数据err："后台返回异常"
[2018-05-25 15:00:58.143] [ERROR] log_file - 获取countProjectEventsService的数据err："后台返回异常"
[2018-05-25 15:56:39.813] [ERROR] log_file - 获取countProjectEventsService的数据err："后台返回异常"
[2018-05-25 16:05:34.469] [ERROR] log_file - 获取countProjectEventsService的数据err："后台返回异常"
[2018-05-25 16:08:40.793] [ERROR] log_file - 获取countProjectEventsService的数据err："后台返回异常"
[2018-05-25 16:21:09.275] [ERROR] log_file - 获取restSopService/verifyObjectAndSop的数据err："缺少必填项"
[2018-05-25 16:27:01.491] [ERROR] log_file - 获取countProjectEventsService的数据err："后台返回异常"
[2018-05-25 16:31:20.066] [ERROR] log_file - 获取countProjectEventsService的数据err："后台返回异常"
[2018-05-25 16:32:36.802] [ERROR] log_file - 获取countProjectEventsService的数据err："后台返回异常"
[2018-05-25 16:34:50.951] [ERROR] log_file - 获取countProjectEventsService的数据err："后台返回异常"
[2018-05-25 16:39:21.577] [ERROR] log_file - 获取countProjectEventsService的数据err："后台返回异常"
[2018-05-25 18:02:20.297] [ERROR] log_file - 获取countProjectEventsService的数据err："后台返回异常"
[2018-05-25 18:04:15.668] [ERROR] log_file - 获取countProjectEventsService的数据err："后台返回异常"
[2018-05-25 18:06:16.407] [ERROR] log_file - 获取countProjectEventsService的数据err："后台返回异常"
[2018-05-25 18:15:18.949] [ERROR] log_file - 获取countProjectEventsService的数据err："后台返回异常"
[2018-05-25 18:16:03.086] [ERROR] log_file - 获取countProjectEventsService的数据err："后台返回异常"
[2018-05-25 18:16:50.988] [ERROR] log_file - 获取countProjectEventsService的数据err："后台返回异常"
[2018-05-25 18:17:10.089] [ERROR] log_file - 获取countProjectEventsService的数据err："后台返回异常"
[2018-05-25 18:17:52.033] [ERROR] log_file - 获取countProjectEventsService的数据err："后台返回异常"
[2018-05-25 18:18:20.905] [ERROR] log_file - 获取countProjectEventsService的数据err："后台返回异常"
[2018-05-25 18:18:34.097] [ERROR] log_file - 获取countProjectEventsService的数据err："后台返回异常"
[2018-05-25 18:22:02.642] [ERROR] log_file - 获取countProjectEventsService的数据err："后台返回异常"
[2018-05-25 18:23:32.835] [ERROR] log_file - 获取countProjectEventsService的数据err："后台返回异常"
[2018-05-25 18:26:36.871] [ERROR] log_file - 获取countProjectEventsService的数据err："后台返回异常"
[2018-05-25 18:27:55.557] [ERROR] log_file - 获取countProjectEventsService的数据err："后台返回异常"
