[2018-04-13 09:41:42.445] [ERROR] log_file - Error: ENOENT: no such file or directory, open 'e:\Web_EMS\pweb_productList\pweb_saas\facilities\FM\views\pages\workOrder\planMng\planCreate_next.html'
    at Object.fs.openSync (fs.js:646:18)
    at fs.readFileSync (fs.js:551:33)
    at Object.exports.parse (e:\Web_EMS\pweb_productList\pweb_saas\facilities\node_modules\public_nodejs\ejs\lib\ejs.js:159:19)
    at exports.compile (e:\Web_EMS\pweb_productList\pweb_saas\facilities\node_modules\public_nodejs\ejs\lib\ejs.js:223:15)
    at Object.exports.render (e:\Web_EMS\pweb_productList\pweb_saas\facilities\node_modules\public_nodejs\ejs\lib\ejs.js:283:10)
    at View.exports.renderFile [as engine] (e:\Web_EMS\pweb_productList\pweb_saas\facilities\node_modules\public_nodejs\ejs\lib\ejs.js:317:20)
    at View.render (e:\Web_EMS\pweb_productList\pweb_saas\facilities\node_modules\public_nodejs\express\lib\view.js:76:8)
    at Function.app.render (e:\Web_EMS\pweb_productList\pweb_saas\facilities\node_modules\public_nodejs\express\lib\application.js:506:10)
    at ServerResponse.res.render (e:\Web_EMS\pweb_productList\pweb_saas\facilities\node_modules\public_nodejs\express\lib\response.js:759:7)
    at e:\Web_EMS\pweb_productList\pweb_saas\facilities\FM\controller\controller.js:20:13
[2018-04-13 14:13:10.637] [ERROR] log_file - Error: ENOENT: no such file or directory, open 'e:\Web_EMS\pweb_productList\pweb_saas\facilities\FM\views\pages\workOrder\planMng\monitoringPlan.html>
        <!-- 创建计划  -->
        <%include .\createPlan\planCreate.html'
    at Object.fs.openSync (fs.js:646:18)
    at fs.readFileSync (fs.js:551:33)
    at Object.exports.parse (e:\Web_EMS\pweb_productList\pweb_saas\facilities\node_modules\public_nodejs\ejs\lib\ejs.js:159:19)
    at exports.compile (e:\Web_EMS\pweb_productList\pweb_saas\facilities\node_modules\public_nodejs\ejs\lib\ejs.js:223:15)
    at Object.exports.render (e:\Web_EMS\pweb_productList\pweb_saas\facilities\node_modules\public_nodejs\ejs\lib\ejs.js:283:10)
    at View.exports.renderFile [as engine] (e:\Web_EMS\pweb_productList\pweb_saas\facilities\node_modules\public_nodejs\ejs\lib\ejs.js:317:20)
    at View.render (e:\Web_EMS\pweb_productList\pweb_saas\facilities\node_modules\public_nodejs\express\lib\view.js:76:8)
    at Function.app.render (e:\Web_EMS\pweb_productList\pweb_saas\facilities\node_modules\public_nodejs\express\lib\application.js:506:10)
    at ServerResponse.res.render (e:\Web_EMS\pweb_productList\pweb_saas\facilities\node_modules\public_nodejs\express\lib\response.js:759:7)
    at e:\Web_EMS\pweb_productList\pweb_saas\facilities\FM\controller\controller.js:20:13
[2018-04-13 14:14:53.048] [ERROR] log_file - Error: ENOENT: no such file or directory, open 'e:\Web_EMS\pweb_productList\pweb_saas\facilities\FM\views\pages\workOrder\planMng\monitoringPlan.html>
        <!-- 创建计划  -->
        <%include .\createPlan\planCreate.html'
    at Object.fs.openSync (fs.js:646:18)
    at fs.readFileSync (fs.js:551:33)
    at Object.exports.parse (e:\Web_EMS\pweb_productList\pweb_saas\facilities\node_modules\public_nodejs\ejs\lib\ejs.js:159:19)
    at exports.compile (e:\Web_EMS\pweb_productList\pweb_saas\facilities\node_modules\public_nodejs\ejs\lib\ejs.js:223:15)
    at Object.exports.render (e:\Web_EMS\pweb_productList\pweb_saas\facilities\node_modules\public_nodejs\ejs\lib\ejs.js:283:10)
    at View.exports.renderFile [as engine] (e:\Web_EMS\pweb_productList\pweb_saas\facilities\node_modules\public_nodejs\ejs\lib\ejs.js:317:20)
    at View.render (e:\Web_EMS\pweb_productList\pweb_saas\facilities\node_modules\public_nodejs\express\lib\view.js:76:8)
    at Function.app.render (e:\Web_EMS\pweb_productList\pweb_saas\facilities\node_modules\public_nodejs\express\lib\application.js:506:10)
    at ServerResponse.res.render (e:\Web_EMS\pweb_productList\pweb_saas\facilities\node_modules\public_nodejs\express\lib\response.js:759:7)
    at e:\Web_EMS\pweb_productList\pweb_saas\facilities\FM\controller\controller.js:20:13
[2018-04-13 14:14:54.610] [ERROR] log_file - Error: ENOENT: no such file or directory, open 'e:\Web_EMS\pweb_productList\pweb_saas\facilities\FM\views\pages\workOrder\planMng\monitoringPlan.html>
        <!-- 创建计划  -->
        <%include .\createPlan\planCreate.html'
    at Object.fs.openSync (fs.js:646:18)
    at fs.readFileSync (fs.js:551:33)
    at Object.exports.parse (e:\Web_EMS\pweb_productList\pweb_saas\facilities\node_modules\public_nodejs\ejs\lib\ejs.js:159:19)
    at exports.compile (e:\Web_EMS\pweb_productList\pweb_saas\facilities\node_modules\public_nodejs\ejs\lib\ejs.js:223:15)
    at Object.exports.render (e:\Web_EMS\pweb_productList\pweb_saas\facilities\node_modules\public_nodejs\ejs\lib\ejs.js:283:10)
    at View.exports.renderFile [as engine] (e:\Web_EMS\pweb_productList\pweb_saas\facilities\node_modules\public_nodejs\ejs\lib\ejs.js:317:20)
    at View.render (e:\Web_EMS\pweb_productList\pweb_saas\facilities\node_modules\public_nodejs\express\lib\view.js:76:8)
    at Function.app.render (e:\Web_EMS\pweb_productList\pweb_saas\facilities\node_modules\public_nodejs\express\lib\application.js:506:10)
    at ServerResponse.res.render (e:\Web_EMS\pweb_productList\pweb_saas\facilities\node_modules\public_nodejs\express\lib\response.js:759:7)
    at e:\Web_EMS\pweb_productList\pweb_saas\facilities\FM\controller\controller.js:20:13
